<?xml version="1.0" encoding="UTF-8"?>
<!-- Generated by org.testng.reporters.JUnitReportReporter -->
<testsuite hostname="User-PC" failures="0" tests="2" name="com.odoo.ap.testlayer.LoginTest" time="26.970" errors="0" timestamp="2024-06-22T00:36:51 IST" skipped="0">
  <testcase classname="com.odoo.ap.testlayer.LoginTest" name="verifyLoginWithInValidDetails" time="6.895"/>
  <system-out/>
  <testcase classname="com.odoo.ap.testlayer.LoginTest" name="verifyLoginWithValidDetails" time="20.075"/>
  <system-out/>
</testsuite> <!-- com.odoo.ap.testlayer.LoginTest -->
